
Showing logs for build [32mcb-kubecd-environment-pr-5452-3-1[0m stage [32mmeta-pipeline[0m and container [32mstep-credential-initializer-69hr4[0m
{"level":"warn","ts":1568284371.5372987,"logger":"fallback-logger","caller":"logging/config.go:69","msg":"Fetch GitHub commit ID from kodata failed: \"ref: refs/heads/master\" is not a valid GitHub commit ID"}
{"level":"info","ts":1568284371.537921,"logger":"fallback-logger","caller":"creds-init/main.go:40","msg":"Credentials initialized."}

Showing logs for build [32mcb-kubecd-environment-pr-5452-3-1[0m stage [32mmeta-pipeline[0m and container [32mstep-working-dir-initializer-phkg8[0m
{"level":"warn","ts":1568284372.9709337,"logger":"fallback-logger","caller":"logging/config.go:69","msg":"Fetch GitHub commit ID from kodata failed: open /var/run/ko/HEAD: no such file or directory"}
{"level":"info","ts":1568284372.9726474,"logger":"fallback-logger","caller":"bash/main.go:65","msg":"Successfully executed command \"mkdir -p /workspace/source\""}

Showing logs for build [32mcb-kubecd-environment-pr-5452-3-1[0m stage [32mmeta-pipeline[0m and container [32mstep-place-tools[0m

Showing logs for build [32mcb-kubecd-environment-pr-5452-3-1[0m stage [32mmeta-pipeline[0m and container [32mstep-git-source-meta-cb-kubecd-environment-pr-5-86kln[0m
{"level":"warn","ts":1568284378.0401397,"logger":"fallback-logger","caller":"logging/config.go:69","msg":"Fetch GitHub commit ID from kodata failed: \"ref: refs/heads/master\" is not a valid GitHub commit ID"}
{"level":"info","ts":1568284379.0895722,"logger":"fallback-logger","caller":"git/git.go:102","msg":"Successfully cloned https://github.com/cb-kubecd/environment-pr-5452-3-tekton-gkebdd-staging.git @ b5a8fdbca94d5e541c4348d2e2ceb99b1043158d in path /workspace/source"}

Showing logs for build [32mcb-kubecd-environment-pr-5452-3-1[0m stage [32mmeta-pipeline[0m and container [32mstep-git-merge[0m
Using SHAs from PULL_REFS=master:b5a8fdbca94d5e541c4348d2e2ceb99b1043158d,1:59e9b23bb1d953028df897e5fd7e9da2abd42228
DEBUG: ran git fetch --unshallow origin 59e9b23bb1d953028df897e5fd7e9da2abd42228: b5a8fdbca94d5e541c4348d2e2ceb99b1043158d: in 
DEBUG: ran git checkout master in 
DEBUG: ran git reset --hard b5a8fdbca94d5e541c4348d2e2ceb99b1043158d in 
DEBUG: ran clean --force -d . in 
DEBUG: ran git merge 59e9b23bb1d953028df897e5fd7e9da2abd42228 in 
Merged SHA 59e9b23bb1d953028df897e5fd7e9da2abd42228 with commit message 'chore: Promote bdd-spring-1568284140 to version 0.0.1' into base branch master

Showing logs for build [32mcb-kubecd-environment-pr-5452-3-1[0m stage [32mmeta-pipeline[0m and container [32mstep-merge-pull-refs[0m
DEBUG: ran git fetch origin 59e9b23bb1d953028df897e5fd7e9da2abd42228: b5a8fdbca94d5e541c4348d2e2ceb99b1043158d: in 
DEBUG: Unshallowed git repo in 
DEBUG: ran git checkout master in 
DEBUG: ran git reset --hard b5a8fdbca94d5e541c4348d2e2ceb99b1043158d in 
DEBUG: ran clean --force -d . in 
DEBUG: ran git merge 59e9b23bb1d953028df897e5fd7e9da2abd42228 in 
Merged SHA 59e9b23bb1d953028df897e5fd7e9da2abd42228 with commit message 'chore: Promote bdd-spring-1568284140 to version 0.0.1' into base branch master

Showing logs for build [32mcb-kubecd-environment-pr-5452-3-1[0m stage [32mmeta-pipeline[0m and container [32mstep-create-effective-pipeline[0m
Deleting and cloning the Jenkins X versions repo
Cloning the Jenkins X versions repo https://github.com/jenkins-x/jenkins-x-versions.git with ref refs/heads/master to /builder/home/.**/jenkins-x-versions
selected pack: /builder/home/.**/draft/packs/github.com/jenkins-x-buildpacks/jenkins-x-kubernetes/packs/environment
Effective pipeline written to jenkins-x-promotion-build-effective.yml

Showing logs for build [32mcb-kubecd-environment-pr-5452-3-1[0m stage [32mmeta-pipeline[0m and container [32mstep-create-tekton-crds[0m
PipelineActivity for cb-kubecd-environment-pr-5452-3-tekton-gkebdd-staging-PR-1-1
Applying changes 
upserted PipelineResource cb-kubecd-environment-pr-5452-3 for the git repository https://github.com/cb-kubecd/environment-pr-5452-3-tekton-gkebdd-staging.git
upserted Task cb-kubecd-environment-pr-5452-3-from-build-pack-1
upserted Pipeline cb-kubecd-environment-pr-5452-3-1
created PipelineRun cb-kubecd-environment-pr-5452-3-1
created PipelineStructure cb-kubecd-environment-pr-5452-3-1

Showing logs for build [32mcb-kubecd-environment-pr-5452-3-1[0m stage [32mfrom-build-pack[0m and container [32mstep-credential-initializer-zbtbn[0m
{"level":"warn","ts":1568284390.973117,"logger":"fallback-logger","caller":"logging/config.go:69","msg":"Fetch GitHub commit ID from kodata failed: \"ref: refs/heads/master\" is not a valid GitHub commit ID"}
{"level":"info","ts":1568284390.9740472,"logger":"fallback-logger","caller":"creds-init/main.go:40","msg":"Credentials initialized."}

Showing logs for build [32mcb-kubecd-environment-pr-5452-3-1[0m stage [32mfrom-build-pack[0m and container [32mstep-working-dir-initializer-9zpm8[0m
{"level":"warn","ts":1568284392.05802,"logger":"fallback-logger","caller":"logging/config.go:69","msg":"Fetch GitHub commit ID from kodata failed: open /var/run/ko/HEAD: no such file or directory"}
{"level":"info","ts":1568284392.060325,"logger":"fallback-logger","caller":"bash/main.go:65","msg":"Successfully executed command \"mkdir -p /workspace/source /workspace/source/env\""}

Showing logs for build [32mcb-kubecd-environment-pr-5452-3-1[0m stage [32mfrom-build-pack[0m and container [32mstep-place-tools[0m

Showing logs for build [32mcb-kubecd-environment-pr-5452-3-1[0m stage [32mfrom-build-pack[0m and container [32mstep-git-source-cb-kubecd-environment-pr-5452-3-pqj87[0m
{"level":"warn","ts":1568284460.4590566,"logger":"fallback-logger","caller":"logging/config.go:69","msg":"Fetch GitHub commit ID from kodata failed: \"ref: refs/heads/master\" is not a valid GitHub commit ID"}
{"level":"info","ts":1568284461.5555449,"logger":"fallback-logger","caller":"git/git.go:102","msg":"Successfully cloned https://github.com/cb-kubecd/environment-pr-5452-3-tekton-gkebdd-staging.git @ master in path /workspace/source"}

Showing logs for build [32mcb-kubecd-environment-pr-5452-3-1[0m stage [32mfrom-build-pack[0m and container [32mstep-git-merge[0m
Using SHAs from PULL_REFS=master:b5a8fdbca94d5e541c4348d2e2ceb99b1043158d,1:59e9b23bb1d953028df897e5fd7e9da2abd42228
DEBUG: ran git fetch origin 59e9b23bb1d953028df897e5fd7e9da2abd42228: b5a8fdbca94d5e541c4348d2e2ceb99b1043158d: in 
DEBUG: Unshallowed git repo in 
DEBUG: ran git checkout master in 
DEBUG: ran git reset --hard b5a8fdbca94d5e541c4348d2e2ceb99b1043158d in 
DEBUG: ran clean --force -d . in 
DEBUG: ran git merge 59e9b23bb1d953028df897e5fd7e9da2abd42228 in 
Merged SHA 59e9b23bb1d953028df897e5fd7e9da2abd42228 with commit message 'chore: Promote bdd-spring-1568284140 to version 0.0.1' into base branch master

Showing logs for build [32mcb-kubecd-environment-pr-5452-3-1[0m stage [32mfrom-build-pack[0m and container [32mstep-build-helm-build[0m
WARNING: No $CHART_REPOSITORY defined so using the default value of: http://jenkins-x-chartmuseum:8080
Adding missing Helm repo: storage.googleapis.com https://storage.googleapis.com/chartmuseum.jenkins-x.io
Successfully added Helm repository storage.googleapis.com.
Adding missing Helm repo: jenkins-x-chartmuseum http://jenkins-x-chartmuseum:8080
Successfully added Helm repository jenkins-x-chartmuseum.
WARNING: No $CHART_REPOSITORY defined so using the default value of: http://jenkins-x-chartmuseum:8080
Adding missing Helm repo: chartmuseum.jenkins-x.io http://chartmuseum.jenkins-x.io
Successfully added Helm repository chartmuseum.jenkins-x.io.
