
Showing logs for build [32mcb-kubecd-environment-pr-5452-3-d68ld-1[0m stage [32mmeta-pipeline[0m and container [32mstep-credential-initializer-vcdtg[0m
{"level":"warn","ts":1568285110.3960388,"logger":"fallback-logger","caller":"logging/config.go:69","msg":"Fetch GitHub commit ID from kodata failed: \"ref: refs/heads/master\" is not a valid GitHub commit ID"}
{"level":"info","ts":1568285110.400194,"logger":"fallback-logger","caller":"creds-init/main.go:40","msg":"Credentials initialized."}

Showing logs for build [32mcb-kubecd-environment-pr-5452-3-d68ld-1[0m stage [32mmeta-pipeline[0m and container [32mstep-working-dir-initializer-jz8pk[0m
{"level":"warn","ts":1568285111.3129323,"logger":"fallback-logger","caller":"logging/config.go:69","msg":"Fetch GitHub commit ID from kodata failed: open /var/run/ko/HEAD: no such file or directory"}
{"level":"info","ts":1568285111.314239,"logger":"fallback-logger","caller":"bash/main.go:65","msg":"Successfully executed command \"mkdir -p /workspace/source\""}

Showing logs for build [32mcb-kubecd-environment-pr-5452-3-d68ld-1[0m stage [32mmeta-pipeline[0m and container [32mstep-place-tools[0m

Showing logs for build [32mcb-kubecd-environment-pr-5452-3-d68ld-1[0m stage [32mmeta-pipeline[0m and container [32mstep-git-source-meta-cb-kubecd-environment-pr-5-jmf2g[0m
{"level":"warn","ts":1568285116.3554523,"logger":"fallback-logger","caller":"logging/config.go:69","msg":"Fetch GitHub commit ID from kodata failed: \"ref: refs/heads/master\" is not a valid GitHub commit ID"}
{"level":"info","ts":1568285117.4265165,"logger":"fallback-logger","caller":"git/git.go:102","msg":"Successfully cloned https://github.com/cb-kubecd/environment-pr-5452-3-tekton-gkebdd-staging.git @ 962a896675a686e9008e9c68d52ac43b931bef79 in path /workspace/source"}

Showing logs for build [32mcb-kubecd-environment-pr-5452-3-d68ld-1[0m stage [32mmeta-pipeline[0m and container [32mstep-git-merge[0m
Using SHAs from PULL_REFS=master:962a896675a686e9008e9c68d52ac43b931bef79,2:9ceb45222ea59a6876caca5c90d985a7ed043e02
DEBUG: ran git fetch --unshallow origin 9ceb45222ea59a6876caca5c90d985a7ed043e02: 962a896675a686e9008e9c68d52ac43b931bef79: in 
DEBUG: ran git checkout master in 
DEBUG: ran git reset --hard 962a896675a686e9008e9c68d52ac43b931bef79 in 
DEBUG: ran clean --force -d . in 
DEBUG: ran git merge 9ceb45222ea59a6876caca5c90d985a7ed043e02 in 
Merged SHA 9ceb45222ea59a6876caca5c90d985a7ed043e02 with commit message 'chore: Promote bdd-gh-1568284986 to version 0.0.1' into base branch master

Showing logs for build [32mcb-kubecd-environment-pr-5452-3-d68ld-1[0m stage [32mmeta-pipeline[0m and container [32mstep-merge-pull-refs[0m
DEBUG: ran git fetch origin 9ceb45222ea59a6876caca5c90d985a7ed043e02: 962a896675a686e9008e9c68d52ac43b931bef79: in 
DEBUG: Unshallowed git repo in 
DEBUG: ran git checkout master in 
DEBUG: ran git reset --hard 962a896675a686e9008e9c68d52ac43b931bef79 in 
DEBUG: ran clean --force -d . in 
DEBUG: ran git merge 9ceb45222ea59a6876caca5c90d985a7ed043e02 in 
Merged SHA 9ceb45222ea59a6876caca5c90d985a7ed043e02 with commit message 'chore: Promote bdd-gh-1568284986 to version 0.0.1' into base branch master

Showing logs for build [32mcb-kubecd-environment-pr-5452-3-d68ld-1[0m stage [32mmeta-pipeline[0m and container [32mstep-create-effective-pipeline[0m
Deleting and cloning the Jenkins X versions repo
Cloning the Jenkins X versions repo https://github.com/jenkins-x/jenkins-x-versions.git with ref refs/heads/master to /builder/home/.**/jenkins-x-versions
selected pack: /builder/home/.**/draft/packs/github.com/jenkins-x-buildpacks/jenkins-x-kubernetes/packs/environment
Effective pipeline written to jenkins-x-promotion-build-effective.yml

Showing logs for build [32mcb-kubecd-environment-pr-5452-3-d68ld-1[0m stage [32mmeta-pipeline[0m and container [32mstep-create-tekton-crds[0m
PipelineActivity for cb-kubecd-environment-pr-5452-3-tekton-gkebdd-staging-PR-2-1
Applying changes 
upserted PipelineResource cb-kubecd-environment-pr-5452-3 for the git repository https://github.com/cb-kubecd/environment-pr-5452-3-tekton-gkebdd-staging.git
upserted Task cb-kubecd-environment-pr-5452-3-d68ld-from-build-pack-1
upserted Pipeline cb-kubecd-environment-pr-5452-3-d68ld-1
created PipelineRun cb-kubecd-environment-pr-5452-3-d68ld-1
created PipelineStructure cb-kubecd-environment-pr-5452-3-d68ld-1

Showing logs for build [32mcb-kubecd-environment-pr-5452-3-d68ld-1[0m stage [32mfrom-build-pack[0m and container [32mstep-credential-initializer-6xrm8[0m
{"level":"warn","ts":1568285130.546678,"logger":"fallback-logger","caller":"logging/config.go:69","msg":"Fetch GitHub commit ID from kodata failed: \"ref: refs/heads/master\" is not a valid GitHub commit ID"}
{"level":"info","ts":1568285130.5474663,"logger":"fallback-logger","caller":"creds-init/main.go:40","msg":"Credentials initialized."}

Showing logs for build [32mcb-kubecd-environment-pr-5452-3-d68ld-1[0m stage [32mfrom-build-pack[0m and container [32mstep-working-dir-initializer-2czrj[0m
{"level":"warn","ts":1568285131.4808486,"logger":"fallback-logger","caller":"logging/config.go:69","msg":"Fetch GitHub commit ID from kodata failed: open /var/run/ko/HEAD: no such file or directory"}
{"level":"info","ts":1568285131.482081,"logger":"fallback-logger","caller":"bash/main.go:65","msg":"Successfully executed command \"mkdir -p /workspace/source /workspace/source/env\""}

Showing logs for build [32mcb-kubecd-environment-pr-5452-3-d68ld-1[0m stage [32mfrom-build-pack[0m and container [32mstep-place-tools[0m

Showing logs for build [32mcb-kubecd-environment-pr-5452-3-d68ld-1[0m stage [32mfrom-build-pack[0m and container [32mstep-git-source-cb-kubecd-environment-pr-5452-3-fmx9f[0m
{"level":"warn","ts":1568285193.5949156,"logger":"fallback-logger","caller":"logging/config.go:69","msg":"Fetch GitHub commit ID from kodata failed: \"ref: refs/heads/master\" is not a valid GitHub commit ID"}
{"level":"info","ts":1568285194.747101,"logger":"fallback-logger","caller":"git/git.go:102","msg":"Successfully cloned https://github.com/cb-kubecd/environment-pr-5452-3-tekton-gkebdd-staging.git @ master in path /workspace/source"}

Showing logs for build [32mcb-kubecd-environment-pr-5452-3-d68ld-1[0m stage [32mfrom-build-pack[0m and container [32mstep-git-merge[0m
Using SHAs from PULL_REFS=master:962a896675a686e9008e9c68d52ac43b931bef79,2:9ceb45222ea59a6876caca5c90d985a7ed043e02
DEBUG: ran git fetch origin 9ceb45222ea59a6876caca5c90d985a7ed043e02: 962a896675a686e9008e9c68d52ac43b931bef79: in 
DEBUG: Unshallowed git repo in 
DEBUG: ran git checkout master in 
DEBUG: ran git reset --hard 962a896675a686e9008e9c68d52ac43b931bef79 in 
DEBUG: ran clean --force -d . in 
DEBUG: ran git merge 9ceb45222ea59a6876caca5c90d985a7ed043e02 in 
Merged SHA 9ceb45222ea59a6876caca5c90d985a7ed043e02 with commit message 'chore: Promote bdd-gh-1568284986 to version 0.0.1' into base branch master

Showing logs for build [32mcb-kubecd-environment-pr-5452-3-d68ld-1[0m stage [32mfrom-build-pack[0m and container [32mstep-build-helm-build[0m
WARNING: No $CHART_REPOSITORY defined so using the default value of: http://jenkins-x-chartmuseum:8080
Adding missing Helm repo: storage.googleapis.com https://storage.googleapis.com/chartmuseum.jenkins-x.io
Successfully added Helm repository storage.googleapis.com.
Adding missing Helm repo: jenkins-x-chartmuseum http://jenkins-x-chartmuseum:8080
Successfully added Helm repository jenkins-x-chartmuseum.
WARNING: No $CHART_REPOSITORY defined so using the default value of: http://jenkins-x-chartmuseum:8080
Adding missing Helm repo: chartmuseum.jenkins-x.io http://chartmuseum.jenkins-x.io
Successfully added Helm repository chartmuseum.jenkins-x.io.
