
Showing logs for build [32mcb-kubecd-environment-pr-5452-3-nz45l-1[0m stage [32mmeta-pipeline[0m and container [32mstep-credential-initializer-cvccd[0m
{"level":"warn","ts":1568285650.4423966,"logger":"fallback-logger","caller":"logging/config.go:69","msg":"Fetch GitHub commit ID from kodata failed: \"ref: refs/heads/master\" is not a valid GitHub commit ID"}
{"level":"info","ts":1568285650.4430273,"logger":"fallback-logger","caller":"creds-init/main.go:40","msg":"Credentials initialized."}

Showing logs for build [32mcb-kubecd-environment-pr-5452-3-nz45l-1[0m stage [32mmeta-pipeline[0m and container [32mstep-working-dir-initializer-8lngz[0m
{"level":"warn","ts":1568285651.7998571,"logger":"fallback-logger","caller":"logging/config.go:69","msg":"Fetch GitHub commit ID from kodata failed: open /var/run/ko/HEAD: no such file or directory"}
{"level":"info","ts":1568285651.803603,"logger":"fallback-logger","caller":"bash/main.go:65","msg":"Successfully executed command \"mkdir -p /workspace/source\""}

Showing logs for build [32mcb-kubecd-environment-pr-5452-3-nz45l-1[0m stage [32mmeta-pipeline[0m and container [32mstep-place-tools[0m

Showing logs for build [32mcb-kubecd-environment-pr-5452-3-nz45l-1[0m stage [32mmeta-pipeline[0m and container [32mstep-git-source-meta-cb-kubecd-environment-pr-5-9m82b[0m
{"level":"warn","ts":1568285672.941975,"logger":"fallback-logger","caller":"logging/config.go:69","msg":"Fetch GitHub commit ID from kodata failed: \"ref: refs/heads/master\" is not a valid GitHub commit ID"}
{"level":"info","ts":1568285674.1348007,"logger":"fallback-logger","caller":"git/git.go:102","msg":"Successfully cloned https://github.com/cb-kubecd/environment-pr-5452-3-tekton-gkebdd-staging.git @ b5a0e6d7b7ad2d6c087fcf812bc68b5ea2012372 in path /workspace/source"}

Showing logs for build [32mcb-kubecd-environment-pr-5452-3-nz45l-1[0m stage [32mmeta-pipeline[0m and container [32mstep-git-merge[0m
Using SHAs from PULL_REFS=master:b5a0e6d7b7ad2d6c087fcf812bc68b5ea2012372,3:62157cac57c87fe5c3d15cc31eb4ec799940c449
DEBUG: ran git fetch --unshallow origin 62157cac57c87fe5c3d15cc31eb4ec799940c449: b5a0e6d7b7ad2d6c087fcf812bc68b5ea2012372: in 
DEBUG: ran git checkout master in 
DEBUG: ran git reset --hard b5a0e6d7b7ad2d6c087fcf812bc68b5ea2012372 in 
DEBUG: ran clean --force -d . in 
DEBUG: ran git merge 62157cac57c87fe5c3d15cc31eb4ec799940c449 in 
Merged SHA 62157cac57c87fe5c3d15cc31eb4ec799940c449 with commit message 'chore: Promote bdd-ghf**y-import-1568285530 to version 0.0.1' into base branch master

Showing logs for build [32mcb-kubecd-environment-pr-5452-3-nz45l-1[0m stage [32mmeta-pipeline[0m and container [32mstep-merge-pull-refs[0m
DEBUG: ran git fetch origin 62157cac57c87fe5c3d15cc31eb4ec799940c449: b5a0e6d7b7ad2d6c087fcf812bc68b5ea2012372: in 
DEBUG: Unshallowed git repo in 
DEBUG: ran git checkout master in 
DEBUG: ran git reset --hard b5a0e6d7b7ad2d6c087fcf812bc68b5ea2012372 in 
DEBUG: ran clean --force -d . in 
DEBUG: ran git merge 62157cac57c87fe5c3d15cc31eb4ec799940c449 in 
Merged SHA 62157cac57c87fe5c3d15cc31eb4ec799940c449 with commit message 'chore: Promote bdd-ghf**y-import-1568285530 to version 0.0.1' into base branch master

Showing logs for build [32mcb-kubecd-environment-pr-5452-3-nz45l-1[0m stage [32mmeta-pipeline[0m and container [32mstep-create-effective-pipeline[0m
Deleting and cloning the Jenkins X versions repo
Cloning the Jenkins X versions repo https://github.com/jenkins-x/jenkins-x-versions.git with ref refs/heads/master to /builder/home/.**/jenkins-x-versions
selected pack: /builder/home/.**/draft/packs/github.com/jenkins-x-buildpacks/jenkins-x-kubernetes/packs/environment
Effective pipeline written to jenkins-x-promotion-build-effective.yml

Showing logs for build [32mcb-kubecd-environment-pr-5452-3-nz45l-1[0m stage [32mmeta-pipeline[0m and container [32mstep-create-tekton-crds[0m
PipelineActivity for cb-kubecd-environment-pr-5452-3-tekton-gkebdd-staging-PR-3-1
Applying changes 
upserted PipelineResource cb-kubecd-environment-pr-5452-3 for the git repository https://github.com/cb-kubecd/environment-pr-5452-3-tekton-gkebdd-staging.git
upserted Task cb-kubecd-environment-pr-5452-3-nz45l-from-build-pack-1
upserted Pipeline cb-kubecd-environment-pr-5452-3-nz45l-1
created PipelineRun cb-kubecd-environment-pr-5452-3-nz45l-1
created PipelineStructure cb-kubecd-environment-pr-5452-3-nz45l-1

Showing logs for build [32mcb-kubecd-environment-pr-5452-3-nz45l-1[0m stage [32mfrom-build-pack[0m and container [32mstep-credential-initializer-9w8zn[0m
{"level":"warn","ts":1568285685.3381991,"logger":"fallback-logger","caller":"logging/config.go:69","msg":"Fetch GitHub commit ID from kodata failed: \"ref: refs/heads/master\" is not a valid GitHub commit ID"}
{"level":"info","ts":1568285685.3389037,"logger":"fallback-logger","caller":"creds-init/main.go:40","msg":"Credentials initialized."}

Showing logs for build [32mcb-kubecd-environment-pr-5452-3-nz45l-1[0m stage [32mfrom-build-pack[0m and container [32mstep-working-dir-initializer-spsgk[0m
{"level":"warn","ts":1568285686.74504,"logger":"fallback-logger","caller":"logging/config.go:69","msg":"Fetch GitHub commit ID from kodata failed: open /var/run/ko/HEAD: no such file or directory"}
{"level":"info","ts":1568285686.747064,"logger":"fallback-logger","caller":"bash/main.go:65","msg":"Successfully executed command \"mkdir -p /workspace/source /workspace/source/env\""}

Showing logs for build [32mcb-kubecd-environment-pr-5452-3-nz45l-1[0m stage [32mfrom-build-pack[0m and container [32mstep-place-tools[0m

Showing logs for build [32mcb-kubecd-environment-pr-5452-3-nz45l-1[0m stage [32mfrom-build-pack[0m and container [32mstep-git-source-cb-kubecd-environment-pr-5452-3-g7jn8[0m
{"level":"warn","ts":1568285690.8087213,"logger":"fallback-logger","caller":"logging/config.go:69","msg":"Fetch GitHub commit ID from kodata failed: \"ref: refs/heads/master\" is not a valid GitHub commit ID"}
{"level":"info","ts":1568285691.8660502,"logger":"fallback-logger","caller":"git/git.go:102","msg":"Successfully cloned https://github.com/cb-kubecd/environment-pr-5452-3-tekton-gkebdd-staging.git @ master in path /workspace/source"}

Showing logs for build [32mcb-kubecd-environment-pr-5452-3-nz45l-1[0m stage [32mfrom-build-pack[0m and container [32mstep-git-merge[0m
Using SHAs from PULL_REFS=master:b5a0e6d7b7ad2d6c087fcf812bc68b5ea2012372,3:62157cac57c87fe5c3d15cc31eb4ec799940c449
DEBUG: ran git fetch --unshallow origin 62157cac57c87fe5c3d15cc31eb4ec799940c449: b5a0e6d7b7ad2d6c087fcf812bc68b5ea2012372: in 
DEBUG: ran git checkout master in 
DEBUG: ran git reset --hard b5a0e6d7b7ad2d6c087fcf812bc68b5ea2012372 in 
DEBUG: ran clean --force -d . in 
DEBUG: ran git merge 62157cac57c87fe5c3d15cc31eb4ec799940c449 in 
Merged SHA 62157cac57c87fe5c3d15cc31eb4ec799940c449 with commit message 'chore: Promote bdd-ghf**y-import-1568285530 to version 0.0.1' into base branch master

Showing logs for build [32mcb-kubecd-environment-pr-5452-3-nz45l-1[0m stage [32mfrom-build-pack[0m and container [32mstep-build-helm-build[0m
WARNING: No $CHART_REPOSITORY defined so using the default value of: http://jenkins-x-chartmuseum:8080
Adding missing Helm repo: storage.googleapis.com https://storage.googleapis.com/chartmuseum.jenkins-x.io
Successfully added Helm repository storage.googleapis.com.
Adding missing Helm repo: jenkins-x-chartmuseum http://jenkins-x-chartmuseum:8080
Successfully added Helm repository jenkins-x-chartmuseum.
WARNING: No $CHART_REPOSITORY defined so using the default value of: http://jenkins-x-chartmuseum:8080
Adding missing Helm repo: chartmuseum.jenkins-x.io http://chartmuseum.jenkins-x.io
Successfully added Helm repository chartmuseum.jenkins-x.io.
